The system is: Windows - 10.0.19042 - AMD64
Compiling the C compiler identification source file "CMakeCCompilerId.c" succeeded.
Compiler: A:/Microsoft/VisualStudio/IDE/VC/Tools/MSVC/14.27.29110/bin/Hostx64/x64/cl.exe 
Build flags: 
Id flags:  

The output was:
0
用于 x64 的 Microsoft (R) C/C++ 优化编译器 19.27.29112 版
版权所有(C) Microsoft Corporation。保留所有权利。

CMakeCCompilerId.c
Microsoft (R) Incremental Linker Version 14.27.29112.0
Copyright (C) Microsoft Corporation.  All rights reserved.

/out:CMakeCCompilerId.exe 
CMakeCCompilerId.obj 


Compilation of the C compiler identification source "CMakeCCompilerId.c" produced "CMakeCCompilerId.exe"

Compilation of the C compiler identification source "CMakeCCompilerId.c" produced "CMakeCCompilerId.obj"

The C compiler identification is MSVC, found in "B:/Project/VS/key-value-system/out/build/x64-Debug/CMakeFiles/3.17.20032601-MSVC_2/CompilerIdC/CMakeCCompilerId.exe"

Compiling the CXX compiler identification source file "CMakeCXXCompilerId.cpp" succeeded.
Compiler: A:/Microsoft/VisualStudio/IDE/VC/Tools/MSVC/14.27.29110/bin/Hostx64/x64/cl.exe 
Build flags: 
Id flags:  

The output was:
0
用于 x64 的 Microsoft (R) C/C++ 优化编译器 19.27.29112 版
版权所有(C) Microsoft Corporation。保留所有权利。

CMakeCXXCompilerId.cpp
Microsoft (R) Incremental Linker Version 14.27.29112.0
Copyright (C) Microsoft Corporation.  All rights reserved.

/out:CMakeCXXCompilerId.exe 
CMakeCXXCompilerId.obj 


Compilation of the CXX compiler identification source "CMakeCXXCompilerId.cpp" produced "CMakeCXXCompilerId.exe"

Compilation of the CXX compiler identification source "CMakeCXXCompilerId.cpp" produced "CMakeCXXCompilerId.obj"

The CXX compiler identification is MSVC, found in "B:/Project/VS/key-value-system/out/build/x64-Debug/CMakeFiles/3.17.20032601-MSVC_2/CompilerIdCXX/CMakeCXXCompilerId.exe"

Determining if the C compiler works passed with the following output:
Change Dir: B:/Project/VS/key-value-system/out/build/x64-Debug/CMakeFiles/CMakeTmp

Run Build Command(s):A:\MICROSOFT\VISUALSTUDIO\IDE\COMMON7\IDE\COMMONEXTENSIONS\MICROSOFT\CMAKE\Ninja\ninja.exe cmTC_61fc4 && [1/2] Building C object CMakeFiles\cmTC_61fc4.dir\testCCompiler.c.obj
[2/2] Linking C executable cmTC_61fc4.exe



Detecting C compiler ABI info compiled with the following output:
Change Dir: B:/Project/VS/key-value-system/out/build/x64-Debug/CMakeFiles/CMakeTmp

Run Build Command(s):A:\MICROSOFT\VISUALSTUDIO\IDE\COMMON7\IDE\COMMONEXTENSIONS\MICROSOFT\CMAKE\Ninja\ninja.exe cmTC_b3812 && [1/2] Building C object CMakeFiles\cmTC_b3812.dir\CMakeCCompilerABI.c.obj
[2/2] Linking C executable cmTC_b3812.exe



Determining if the CXX compiler works passed with the following output:
Change Dir: B:/Project/VS/key-value-system/out/build/x64-Debug/CMakeFiles/CMakeTmp

Run Build Command(s):A:\MICROSOFT\VISUALSTUDIO\IDE\COMMON7\IDE\COMMONEXTENSIONS\MICROSOFT\CMAKE\Ninja\ninja.exe cmTC_1f412 && [1/2] Building CXX object CMakeFiles\cmTC_1f412.dir\testCXXCompiler.cxx.obj
[2/2] Linking CXX executable cmTC_1f412.exe



Detecting CXX compiler ABI info compiled with the following output:
Change Dir: B:/Project/VS/key-value-system/out/build/x64-Debug/CMakeFiles/CMakeTmp

Run Build Command(s):A:\MICROSOFT\VISUALSTUDIO\IDE\COMMON7\IDE\COMMONEXTENSIONS\MICROSOFT\CMAKE\Ninja\ninja.exe cmTC_5b55c && [1/2] Building CXX object CMakeFiles\cmTC_5b55c.dir\CMakeCXXCompilerABI.cpp.obj
[2/2] Linking CXX executable cmTC_5b55c.exe



